{"C:\\Users\\WINDOWS\\M4---PROJETO-FINAL\\src\\test\\campanha.function.js": {"path":"C:\\Users\\WINDOWS\\M4---PROJETO-FINAL\\src\\test\\campanha.function.js","statementMap":{"0":{"start":{"line":1,"column":25},"end":{"line":1,"column":50}},"1":{"start":{"line":2,"column":15},"end":{"line":2,"column":33}},"2":{"start":{"line":5,"column":2},"end":{"line":12,"column":5}},"3":{"start":{"line":16,"column":2},"end":{"line":16,"column":61}},"4":{"start":{"line":20,"column":2},"end":{"line":20,"column":70}},"5":{"start":{"line":24,"column":2},"end":{"line":24,"column":57}},"6":{"start":{"line":28,"column":2},"end":{"line":28,"column":69}},"7":{"start":{"line":31,"column":0},"end":{"line":38,"column":2}}},"fnMap":{"0":{"name":"createTestCampanha","decl":{"start":{"line":4,"column":15},"end":{"line":4,"column":33}},"loc":{"start":{"line":4,"column":45},"end":{"line":13,"column":1}},"line":4},"1":{"name":"getCampanhaById","decl":{"start":{"line":15,"column":15},"end":{"line":15,"column":30}},"loc":{"start":{"line":15,"column":35},"end":{"line":17,"column":1}},"line":15},"2":{"name":"updateCampanha","decl":{"start":{"line":19,"column":15},"end":{"line":19,"column":29}},"loc":{"start":{"line":19,"column":41},"end":{"line":21,"column":1}},"line":19},"3":{"name":"deleteCampanhaById","decl":{"start":{"line":23,"column":15},"end":{"line":23,"column":33}},"loc":{"start":{"line":23,"column":38},"end":{"line":25,"column":1}},"line":23},"4":{"name":"deleteCampanhasByUserId","decl":{"start":{"line":27,"column":15},"end":{"line":27,"column":38}},"loc":{"start":{"line":27,"column":47},"end":{"line":29,"column":1}},"line":27}},"branchMap":{},"s":{"0":1,"1":1,"2":1,"3":2,"4":1,"5":1,"6":1,"7":1},"f":{"0":1,"1":2,"2":1,"3":1,"4":1},"b":{},"_coverageSchema":"1a1c01bbd47fc00a2c39e90264f33305004495a9","hash":"83904c4608aaedd78cc49c73b6eb1d59fbcf371e"}
,"C:\\Users\\WINDOWS\\M4---PROJETO-FINAL\\src\\test\\categoria.function.js": {"path":"C:\\Users\\WINDOWS\\M4---PROJETO-FINAL\\src\\test\\categoria.function.js","statementMap":{"0":{"start":{"line":1,"column":25},"end":{"line":1,"column":50}},"1":{"start":{"line":2,"column":15},"end":{"line":2,"column":33}},"2":{"start":{"line":6,"column":2},"end":{"line":13,"column":5}},"3":{"start":{"line":18,"column":2},"end":{"line":18,"column":62}},"4":{"start":{"line":23,"column":2},"end":{"line":23,"column":43}},"5":{"start":{"line":28,"column":2},"end":{"line":31,"column":5}},"6":{"start":{"line":36,"column":2},"end":{"line":36,"column":58}},"7":{"start":{"line":41,"column":2},"end":{"line":41,"column":64}},"8":{"start":{"line":44,"column":0},"end":{"line":52,"column":2}}},"fnMap":{"0":{"name":"createTestCategoria","decl":{"start":{"line":5,"column":15},"end":{"line":5,"column":34}},"loc":{"start":{"line":5,"column":123},"end":{"line":14,"column":1}},"line":5},"1":{"name":"getCategoriaById","decl":{"start":{"line":17,"column":15},"end":{"line":17,"column":31}},"loc":{"start":{"line":17,"column":36},"end":{"line":19,"column":1}},"line":17},"2":{"name":"getCategorias","decl":{"start":{"line":22,"column":15},"end":{"line":22,"column":28}},"loc":{"start":{"line":22,"column":31},"end":{"line":24,"column":1}},"line":22},"3":{"name":"updateCategoria","decl":{"start":{"line":27,"column":15},"end":{"line":27,"column":30}},"loc":{"start":{"line":27,"column":41},"end":{"line":32,"column":1}},"line":27},"4":{"name":"deleteCategoria","decl":{"start":{"line":35,"column":15},"end":{"line":35,"column":30}},"loc":{"start":{"line":35,"column":35},"end":{"line":37,"column":1}},"line":35},"5":{"name":"deleteCategoriasByName","decl":{"start":{"line":40,"column":15},"end":{"line":40,"column":37}},"loc":{"start":{"line":40,"column":44},"end":{"line":42,"column":1}},"line":40}},"branchMap":{"0":{"loc":{"start":{"line":5,"column":35},"end":{"line":5,"column":73}},"type":"default-arg","locations":[{"start":{"line":5,"column":42},"end":{"line":5,"column":73}}],"line":5},"1":{"loc":{"start":{"line":5,"column":75},"end":{"line":5,"column":104}},"type":"default-arg","locations":[{"start":{"line":5,"column":87},"end":{"line":5,"column":104}}],"line":5},"2":{"loc":{"start":{"line":5,"column":106},"end":{"line":5,"column":121}},"type":"default-arg","locations":[{"start":{"line":5,"column":117},"end":{"line":5,"column":121}}],"line":5}},"s":{"0":1,"1":1,"2":1,"3":2,"4":1,"5":1,"6":1,"7":0,"8":1},"f":{"0":1,"1":2,"2":1,"3":1,"4":1,"5":0},"b":{"0":[1],"1":[1],"2":[1]},"_coverageSchema":"1a1c01bbd47fc00a2c39e90264f33305004495a9","hash":"63c094ce170df17eb3db73cc77b0c8a135e367df"}
,"C:\\Users\\WINDOWS\\M4---PROJETO-FINAL\\src\\test\\doacoes.fuction.js": {"path":"C:\\Users\\WINDOWS\\M4---PROJETO-FINAL\\src\\test\\doacoes.fuction.js","statementMap":{"0":{"start":{"line":1,"column":25},"end":{"line":1,"column":50}},"1":{"start":{"line":2,"column":15},"end":{"line":2,"column":33}},"2":{"start":{"line":6,"column":2},"end":{"line":13,"column":5}},"3":{"start":{"line":18,"column":2},"end":{"line":25,"column":5}},"4":{"start":{"line":30,"column":2},"end":{"line":34,"column":5}},"5":{"start":{"line":39,"column":2},"end":{"line":45,"column":5}},"6":{"start":{"line":59,"column":2},"end":{"line":70,"column":5}},"7":{"start":{"line":75,"column":2},"end":{"line":75,"column":59}},"8":{"start":{"line":80,"column":2},"end":{"line":83,"column":5}},"9":{"start":{"line":88,"column":2},"end":{"line":88,"column":48}},"10":{"start":{"line":93,"column":2},"end":{"line":93,"column":59}},"11":{"start":{"line":96,"column":0},"end":{"line":107,"column":2}}},"fnMap":{"0":{"name":"createTestUser","decl":{"start":{"line":5,"column":15},"end":{"line":5,"column":29}},"loc":{"start":{"line":5,"column":32},"end":{"line":14,"column":1}},"line":5},"1":{"name":"createTestCampanha","decl":{"start":{"line":17,"column":15},"end":{"line":17,"column":33}},"loc":{"start":{"line":17,"column":45},"end":{"line":26,"column":1}},"line":17},"2":{"name":"createTestCategoria","decl":{"start":{"line":29,"column":15},"end":{"line":29,"column":34}},"loc":{"start":{"line":29,"column":37},"end":{"line":35,"column":1}},"line":29},"3":{"name":"createTestLocal","decl":{"start":{"line":38,"column":15},"end":{"line":38,"column":30}},"loc":{"start":{"line":38,"column":33},"end":{"line":46,"column":1}},"line":38},"4":{"name":"createTestDoacao","decl":{"start":{"line":49,"column":15},"end":{"line":49,"column":31}},"loc":{"start":{"line":58,"column":8},"end":{"line":71,"column":1}},"line":58},"5":{"name":"getDoacaoById","decl":{"start":{"line":74,"column":15},"end":{"line":74,"column":28}},"loc":{"start":{"line":74,"column":33},"end":{"line":76,"column":1}},"line":74},"6":{"name":"updateDoacao","decl":{"start":{"line":79,"column":15},"end":{"line":79,"column":27}},"loc":{"start":{"line":79,"column":39},"end":{"line":84,"column":1}},"line":79},"7":{"name":"deleteDoacaoById","decl":{"start":{"line":87,"column":15},"end":{"line":87,"column":31}},"loc":{"start":{"line":87,"column":36},"end":{"line":89,"column":1}},"line":87},"8":{"name":"deleteDoacoesByUserId","decl":{"start":{"line":92,"column":15},"end":{"line":92,"column":36}},"loc":{"start":{"line":92,"column":48},"end":{"line":94,"column":1}},"line":92}},"branchMap":{"0":{"loc":{"start":{"line":49,"column":32},"end":{"line":58,"column":6}},"type":"default-arg","locations":[{"start":{"line":58,"column":4},"end":{"line":58,"column":6}}],"line":49},"1":{"loc":{"start":{"line":50,"column":2},"end":{"line":50,"column":13}},"type":"default-arg","locations":[{"start":{"line":50,"column":10},"end":{"line":50,"column":13}}],"line":50},"2":{"loc":{"start":{"line":51,"column":2},"end":{"line":51,"column":23}},"type":"default-arg","locations":[{"start":{"line":51,"column":16},"end":{"line":51,"column":23}}],"line":51},"3":{"loc":{"start":{"line":52,"column":2},"end":{"line":52,"column":25}},"type":"default-arg","locations":[{"start":{"line":52,"column":12},"end":{"line":52,"column":25}}],"line":52},"4":{"loc":{"start":{"line":53,"column":2},"end":{"line":53,"column":21}},"type":"default-arg","locations":[{"start":{"line":53,"column":11},"end":{"line":53,"column":21}}],"line":53}},"s":{"0":1,"1":1,"2":1,"3":1,"4":1,"5":1,"6":1,"7":2,"8":1,"9":1,"10":1,"11":1},"f":{"0":1,"1":1,"2":1,"3":1,"4":1,"5":2,"6":1,"7":1,"8":1},"b":{"0":[0],"1":[0],"2":[0],"3":[0],"4":[0]},"_coverageSchema":"1a1c01bbd47fc00a2c39e90264f33305004495a9","hash":"79e2b1b25b935784e411034467d0383eb33d386d"}
,"C:\\Users\\WINDOWS\\M4---PROJETO-FINAL\\src\\test\\feedbacks.function.js": {"path":"C:\\Users\\WINDOWS\\M4---PROJETO-FINAL\\src\\test\\feedbacks.function.js","statementMap":{"0":{"start":{"line":1,"column":25},"end":{"line":1,"column":50}},"1":{"start":{"line":2,"column":15},"end":{"line":2,"column":33}},"2":{"start":{"line":7,"column":2},"end":{"line":9,"column":3}},"3":{"start":{"line":8,"column":4},"end":{"line":8,"column":37}},"4":{"start":{"line":10,"column":2},"end":{"line":12,"column":3}},"5":{"start":{"line":11,"column":4},"end":{"line":11,"column":44}},"6":{"start":{"line":13,"column":19},"end":{"line":19,"column":4}},"7":{"start":{"line":20,"column":2},"end":{"line":20,"column":18}},"8":{"start":{"line":25,"column":19},"end":{"line":28,"column":4}},"9":{"start":{"line":29,"column":2},"end":{"line":29,"column":18}},"10":{"start":{"line":36,"column":2},"end":{"line":38,"column":5}},"11":{"start":{"line":43,"column":2},"end":{"line":45,"column":5}},"12":{"start":{"line":48,"column":0},"end":{"line":54,"column":2}}},"fnMap":{"0":{"name":"createTestFeedback","decl":{"start":{"line":6,"column":15},"end":{"line":6,"column":33}},"loc":{"start":{"line":6,"column":84},"end":{"line":21,"column":1}},"line":6},"1":{"name":"updateFeedback","decl":{"start":{"line":24,"column":15},"end":{"line":24,"column":29}},"loc":{"start":{"line":24,"column":41},"end":{"line":30,"column":1}},"line":24},"2":{"name":"deleteFeedbackById","decl":{"start":{"line":35,"column":15},"end":{"line":35,"column":33}},"loc":{"start":{"line":35,"column":38},"end":{"line":39,"column":1}},"line":35},"3":{"name":"deleteFeedbacksByUserId","decl":{"start":{"line":42,"column":15},"end":{"line":42,"column":38}},"loc":{"start":{"line":42,"column":50},"end":{"line":46,"column":1}},"line":42}},"branchMap":{"0":{"loc":{"start":{"line":6,"column":45},"end":{"line":6,"column":72}},"type":"default-arg","locations":[{"start":{"line":6,"column":56},"end":{"line":6,"column":72}}],"line":6},"1":{"loc":{"start":{"line":6,"column":74},"end":{"line":6,"column":82}},"type":"default-arg","locations":[{"start":{"line":6,"column":81},"end":{"line":6,"column":82}}],"line":6},"2":{"loc":{"start":{"line":7,"column":2},"end":{"line":9,"column":3}},"type":"if","locations":[{"start":{"line":7,"column":2},"end":{"line":9,"column":3}},{"start":{},"end":{}}],"line":7},"3":{"loc":{"start":{"line":7,"column":6},"end":{"line":7,"column":54}},"type":"binary-expr","locations":[{"start":{"line":7,"column":6},"end":{"line":7,"column":30}},{"start":{"line":7,"column":34},"end":{"line":7,"column":42}},{"start":{"line":7,"column":46},"end":{"line":7,"column":54}}],"line":7},"4":{"loc":{"start":{"line":10,"column":2},"end":{"line":12,"column":3}},"type":"if","locations":[{"start":{"line":10,"column":2},"end":{"line":12,"column":3}},{"start":{},"end":{}}],"line":10},"5":{"loc":{"start":{"line":10,"column":6},"end":{"line":10,"column":73}},"type":"binary-expr","locations":[{"start":{"line":10,"column":6},"end":{"line":10,"column":15}},{"start":{"line":10,"column":19},"end":{"line":10,"column":47}},{"start":{"line":10,"column":51},"end":{"line":10,"column":73}}],"line":10}},"s":{"0":1,"1":1,"2":10,"3":2,"4":8,"5":2,"6":6,"7":5,"8":1,"9":1,"10":5,"11":1,"12":1},"f":{"0":10,"1":1,"2":5,"3":1},"b":{"0":[0],"1":[0],"2":[2,8],"3":[10,10,9],"4":[2,6],"5":[8,6,6]},"_coverageSchema":"1a1c01bbd47fc00a2c39e90264f33305004495a9","hash":"bfe704e8818169181f9c3061984760530cc70a33"}
,"C:\\Users\\WINDOWS\\M4---PROJETO-FINAL\\src\\test\\locais.fuction.js": {"path":"C:\\Users\\WINDOWS\\M4---PROJETO-FINAL\\src\\test\\locais.fuction.js","statementMap":{"0":{"start":{"line":1,"column":25},"end":{"line":1,"column":50}},"1":{"start":{"line":2,"column":15},"end":{"line":2,"column":33}},"2":{"start":{"line":6,"column":4},"end":{"line":6,"column":41}},"3":{"start":{"line":11,"column":4},"end":{"line":11,"column":54}},"4":{"start":{"line":16,"column":4},"end":{"line":16,"column":35}},"5":{"start":{"line":21,"column":4},"end":{"line":28,"column":5}},"6":{"start":{"line":22,"column":8},"end":{"line":25,"column":11}},"7":{"start":{"line":27,"column":8},"end":{"line":27,"column":20}},"8":{"start":{"line":33,"column":4},"end":{"line":37,"column":5}},"9":{"start":{"line":34,"column":8},"end":{"line":34,"column":60}},"10":{"start":{"line":36,"column":8},"end":{"line":36,"column":20}},"11":{"start":{"line":40,"column":0},"end":{"line":46,"column":2}}},"fnMap":{"0":{"name":"createLocal","decl":{"start":{"line":5,"column":15},"end":{"line":5,"column":26}},"loc":{"start":{"line":5,"column":33},"end":{"line":7,"column":1}},"line":5},"1":{"name":"getLocalById","decl":{"start":{"line":10,"column":15},"end":{"line":10,"column":27}},"loc":{"start":{"line":10,"column":32},"end":{"line":12,"column":1}},"line":10},"2":{"name":"getLocais","decl":{"start":{"line":15,"column":15},"end":{"line":15,"column":24}},"loc":{"start":{"line":15,"column":27},"end":{"line":17,"column":1}},"line":15},"3":{"name":"updateLocal","decl":{"start":{"line":20,"column":15},"end":{"line":20,"column":26}},"loc":{"start":{"line":20,"column":37},"end":{"line":29,"column":1}},"line":20},"4":{"name":"deleteLocal","decl":{"start":{"line":32,"column":15},"end":{"line":32,"column":26}},"loc":{"start":{"line":32,"column":31},"end":{"line":38,"column":1}},"line":32}},"branchMap":{},"s":{"0":1,"1":1,"2":1,"3":3,"4":1,"5":2,"6":2,"7":1,"8":2,"9":2,"10":1,"11":1},"f":{"0":1,"1":3,"2":1,"3":2,"4":2},"b":{},"_coverageSchema":"1a1c01bbd47fc00a2c39e90264f33305004495a9","hash":"edc70453324f992ac5a1b69ffeb5c8cc721b1652"}
,"C:\\Users\\WINDOWS\\M4---PROJETO-FINAL\\src\\test\\users.fuction.js": {"path":"C:\\Users\\WINDOWS\\M4---PROJETO-FINAL\\src\\test\\users.fuction.js","statementMap":{"0":{"start":{"line":1,"column":25},"end":{"line":1,"column":50}},"1":{"start":{"line":2,"column":15},"end":{"line":2,"column":33}},"2":{"start":{"line":3,"column":15},"end":{"line":3,"column":34}},"3":{"start":{"line":8,"column":19},"end":{"line":8,"column":84}},"4":{"start":{"line":9,"column":4},"end":{"line":9,"column":55}},"5":{"start":{"line":9,"column":16},"end":{"line":9,"column":55}},"6":{"start":{"line":11,"column":19},"end":{"line":11,"column":52}},"7":{"start":{"line":12,"column":17},"end":{"line":19,"column":6}},"8":{"start":{"line":20,"column":4},"end":{"line":20,"column":16}},"9":{"start":{"line":25,"column":17},"end":{"line":25,"column":67}},"10":{"start":{"line":26,"column":4},"end":{"line":26,"column":24}},"11":{"start":{"line":31,"column":4},"end":{"line":31,"column":37}},"12":{"start":{"line":36,"column":4},"end":{"line":44,"column":5}},"13":{"start":{"line":37,"column":21},"end":{"line":40,"column":10}},"14":{"start":{"line":41,"column":8},"end":{"line":41,"column":20}},"15":{"start":{"line":43,"column":8},"end":{"line":43,"column":20}},"16":{"start":{"line":49,"column":4},"end":{"line":56,"column":5}},"17":{"start":{"line":50,"column":21},"end":{"line":52,"column":10}},"18":{"start":{"line":53,"column":8},"end":{"line":53,"column":20}},"19":{"start":{"line":55,"column":8},"end":{"line":55,"column":20}},"20":{"start":{"line":59,"column":0},"end":{"line":65,"column":2}}},"fnMap":{"0":{"name":"createUser","decl":{"start":{"line":6,"column":15},"end":{"line":6,"column":25}},"loc":{"start":{"line":6,"column":32},"end":{"line":21,"column":1}},"line":6},"1":{"name":"getLoggedUser","decl":{"start":{"line":24,"column":15},"end":{"line":24,"column":28}},"loc":{"start":{"line":24,"column":33},"end":{"line":27,"column":1}},"line":24},"2":{"name":"getUsers","decl":{"start":{"line":30,"column":15},"end":{"line":30,"column":23}},"loc":{"start":{"line":30,"column":26},"end":{"line":32,"column":1}},"line":30},"3":{"name":"editUser","decl":{"start":{"line":35,"column":15},"end":{"line":35,"column":23}},"loc":{"start":{"line":35,"column":34},"end":{"line":45,"column":1}},"line":35},"4":{"name":"deleteUser","decl":{"start":{"line":48,"column":15},"end":{"line":48,"column":25}},"loc":{"start":{"line":48,"column":30},"end":{"line":57,"column":1}},"line":48}},"branchMap":{"0":{"loc":{"start":{"line":9,"column":4},"end":{"line":9,"column":55}},"type":"if","locations":[{"start":{"line":9,"column":4},"end":{"line":9,"column":55}},{"start":{},"end":{}}],"line":9},"1":{"loc":{"start":{"line":17,"column":18},"end":{"line":17,"column":42}},"type":"binary-expr","locations":[{"start":{"line":17,"column":18},"end":{"line":17,"column":27}},{"start":{"line":17,"column":31},"end":{"line":17,"column":42}}],"line":17},"2":{"loc":{"start":{"line":26,"column":11},"end":{"line":26,"column":23}},"type":"binary-expr","locations":[{"start":{"line":26,"column":11},"end":{"line":26,"column":15}},{"start":{"line":26,"column":19},"end":{"line":26,"column":23}}],"line":26}},"s":{"0":1,"1":1,"2":1,"3":3,"4":3,"5":1,"6":2,"7":2,"8":2,"9":3,"10":3,"11":1,"12":2,"13":2,"14":1,"15":1,"16":3,"17":3,"18":2,"19":1,"20":1},"f":{"0":3,"1":3,"2":1,"3":2,"4":3},"b":{"0":[1,2],"1":[2,0],"2":[3,2]},"_coverageSchema":"1a1c01bbd47fc00a2c39e90264f33305004495a9","hash":"94d70e17a2f2d0fbc376f70d7510474b10146501"}
}
