TN:
SF:src\test\campanha.function.js
FN:4,createTestCampanha
FN:15,getCampanhaById
FN:19,updateCampanha
FN:23,deleteCampanhaById
FN:27,deleteCampanhasByUserId
FNF:5
FNH:5
FNDA:1,createTestCampanha
FNDA:2,getCampanhaById
FNDA:1,updateCampanha
FNDA:1,deleteCampanhaById
FNDA:1,deleteCampanhasByUserId
DA:1,1
DA:2,1
DA:5,1
DA:16,2
DA:20,1
DA:24,1
DA:28,1
DA:31,1
LF:8
LH:8
BRF:0
BRH:0
end_of_record
TN:
SF:src\test\categoria.function.js
FN:5,createTestCategoria
FN:17,getCategoriaById
FN:22,getCategorias
FN:27,updateCategoria
FN:35,deleteCategoria
FN:40,deleteCategoriasByName
FNF:6
FNH:5
FNDA:1,createTestCategoria
FNDA:2,getCategoriaById
FNDA:1,getCategorias
FNDA:1,updateCategoria
FNDA:1,deleteCategoria
FNDA:0,deleteCategoriasByName
DA:1,1
DA:2,1
DA:6,1
DA:18,2
DA:23,1
DA:28,1
DA:36,1
DA:41,0
DA:44,1
LF:9
LH:8
BRDA:5,0,0,1
BRDA:5,1,0,1
BRDA:5,2,0,1
BRF:3
BRH:3
end_of_record
TN:
SF:src\test\doacoes.fuction.js
FN:5,createTestUser
FN:17,createTestCampanha
FN:29,createTestCategoria
FN:38,createTestLocal
FN:49,createTestDoacao
FN:74,getDoacaoById
FN:79,updateDoacao
FN:87,deleteDoacaoById
FN:92,deleteDoacoesByUserId
FNF:9
FNH:9
FNDA:1,createTestUser
FNDA:1,createTestCampanha
FNDA:1,createTestCategoria
FNDA:1,createTestLocal
FNDA:1,createTestDoacao
FNDA:2,getDoacaoById
FNDA:1,updateDoacao
FNDA:1,deleteDoacaoById
FNDA:1,deleteDoacoesByUserId
DA:1,1
DA:2,1
DA:6,1
DA:18,1
DA:30,1
DA:39,1
DA:59,1
DA:75,2
DA:80,1
DA:88,1
DA:93,1
DA:96,1
LF:12
LH:12
BRDA:49,0,0,0
BRDA:50,1,0,0
BRDA:51,2,0,0
BRDA:52,3,0,0
BRDA:53,4,0,0
BRF:5
BRH:0
end_of_record
TN:
SF:src\test\feedbacks.function.js
FN:6,createTestFeedback
FN:24,updateFeedback
FN:35,deleteFeedbackById
FN:42,deleteFeedbacksByUserId
FNF:4
FNH:4
FNDA:10,createTestFeedback
FNDA:1,updateFeedback
FNDA:5,deleteFeedbackById
FNDA:1,deleteFeedbacksByUserId
DA:1,1
DA:2,1
DA:7,10
DA:8,2
DA:10,8
DA:11,2
DA:13,6
DA:20,5
DA:25,1
DA:29,1
DA:36,5
DA:43,1
DA:48,1
LF:13
LH:13
BRDA:6,0,0,0
BRDA:6,1,0,0
BRDA:7,2,0,2
BRDA:7,2,1,8
BRDA:7,3,0,10
BRDA:7,3,1,10
BRDA:7,3,2,9
BRDA:10,4,0,2
BRDA:10,4,1,6
BRDA:10,5,0,8
BRDA:10,5,1,6
BRDA:10,5,2,6
BRF:12
BRH:10
end_of_record
TN:
SF:src\test\locais.fuction.js
FN:5,createLocal
FN:10,getLocalById
FN:15,getLocais
FN:20,updateLocal
FN:32,deleteLocal
FNF:5
FNH:5
FNDA:1,createLocal
FNDA:3,getLocalById
FNDA:1,getLocais
FNDA:2,updateLocal
FNDA:2,deleteLocal
DA:1,1
DA:2,1
DA:6,1
DA:11,3
DA:16,1
DA:21,2
DA:22,2
DA:27,1
DA:33,2
DA:34,2
DA:36,1
DA:40,1
LF:12
LH:12
BRF:0
BRH:0
end_of_record
TN:
SF:src\test\users.fuction.js
FN:6,createUser
FN:24,getLoggedUser
FN:30,getUsers
FN:35,editUser
FN:48,deleteUser
FNF:5
FNH:5
FNDA:3,createUser
FNDA:3,getLoggedUser
FNDA:1,getUsers
FNDA:2,editUser
FNDA:3,deleteUser
DA:1,1
DA:2,1
DA:3,1
DA:8,3
DA:9,3
DA:11,2
DA:12,2
DA:20,2
DA:25,3
DA:26,3
DA:31,1
DA:36,2
DA:37,2
DA:41,1
DA:43,1
DA:49,3
DA:50,3
DA:53,2
DA:55,1
DA:59,1
LF:20
LH:20
BRDA:9,0,0,1
BRDA:9,0,1,2
BRDA:17,1,0,2
BRDA:17,1,1,0
BRDA:26,2,0,3
BRDA:26,2,1,2
BRF:6
BRH:5
end_of_record
